2025-09-27 11:54:07,915 - candle_builder - INFO - Initialized CandleBuilder with timeframes: ['1m', '5m']
2025-09-27 11:54:07,916 - candle_builder - INFO - Initialized CandleBuilder with timeframes: ['1m', '5m']
2025-09-27 11:54:07,917 - candle_builder - INFO - Initialized CandleBuilder with timeframes: ['1m', '5m']
2025-09-27 11:54:07,918 - candle_builder - INFO - Initialized CandleBuilder with timeframes: ['1m', '5m']
2025-09-27 11:54:07,918 - candle_builder - INFO - Initialized CandleBuilder with timeframes: ['1m', '5m']
2025-09-27 11:54:07,919 - candle_builder - INFO - Initialized CandleBuilder with timeframes: ['1m', '5m']
2025-09-27 11:54:07,920 - candle_builder - INFO - Initialized CandleBuilder with timeframes: ['1m', '5m']
2025-09-27 11:54:07,920 - candle_builder - INFO - Initialized CandleBuilder with timeframes: ['1m', '5m']
2025-09-27 11:54:07,950 - candle_builder - INFO - Initialized CandleBuilder with timeframes: ['1m', '5m']
2025-09-27 11:54:07,950 - candle_builder - INFO - Initialized CandleBuilder with timeframes: ['1m', '5m']
2025-09-27 11:54:07,953 - candle_builder - INFO - Saved 3 candles to /var/folders/bg/nvvgmxr97mdg66zygh329ss40000gp/T/tmptpdf2d47/NIFTY_1m_20250927.csv
2025-09-27 11:54:07,953 - candle_builder - WARNING - No candle files found for NIFTY_1m
2025-09-27 11:54:07,957 - candle_builder - INFO - Initialized CandleBuilder with timeframes: ['1m', '5m']
2025-09-27 11:54:07,958 - candle_builder - INFO - Initialized CandleBuilder with timeframes: ['1m']
2025-09-27 11:54:07,959 - candle_builder - INFO - Initialized CandleBuilder with timeframes: ['1m']
2025-09-27 11:54:07,959 - candle_builder - INFO - Initialized CandleBuilder with timeframes: ['1m']
2025-09-27 11:54:07,960 - candle_builder - INFO - Initialized CandleBuilder with timeframes: ['1s', '1m', '5m', '15m', '30m', '1h', '1d']
2025-09-27 11:55:41,171 - candle_builder - INFO - Initialized CandleBuilder with timeframes: ['1m', '5m']
2025-09-27 11:55:55,658 - candle_builder - INFO - Initialized CandleBuilder with timeframes: ['1m', '5m']
2025-09-27 11:55:55,660 - candle_builder - INFO - Saved 3 candles to /var/folders/bg/nvvgmxr97mdg66zygh329ss40000gp/T/tmpa6o4i04s/NIFTY_1m_20250927.csv
2025-09-27 11:55:55,660 - candle_builder - INFO - Initialized CandleBuilder with timeframes: ['1m']
2025-09-27 11:55:55,662 - candle_builder - INFO - Loaded 3 candles for NIFTY_1m
2025-09-27 11:56:00,953 - candle_builder - INFO - Initialized CandleBuilder with timeframes: []
2025-09-27 11:56:08,915 - candle_builder - INFO - Initialized CandleBuilder with timeframes: ['1m', '5m']
2025-09-27 11:56:08,915 - candle_builder - INFO - Initialized CandleBuilder with timeframes: ['1m', '5m']
2025-09-27 11:56:08,916 - candle_builder - INFO - Initialized CandleBuilder with timeframes: ['1m', '5m']
2025-09-27 11:56:08,916 - candle_builder - INFO - Initialized CandleBuilder with timeframes: ['1m', '5m']
2025-09-27 11:56:08,917 - candle_builder - INFO - Initialized CandleBuilder with timeframes: ['1m', '5m']
2025-09-27 11:56:08,917 - candle_builder - INFO - Initialized CandleBuilder with timeframes: ['1m', '5m']
2025-09-27 11:56:08,917 - candle_builder - INFO - Initialized CandleBuilder with timeframes: ['1m', '5m']
2025-09-27 11:56:08,918 - candle_builder - INFO - Initialized CandleBuilder with timeframes: ['1m', '5m']
2025-09-27 11:56:08,918 - candle_builder - INFO - Initialized CandleBuilder with timeframes: ['1m', '5m']
2025-09-27 11:56:08,919 - candle_builder - INFO - Initialized CandleBuilder with timeframes: ['1m', '5m']
2025-09-27 11:56:08,921 - candle_builder - INFO - Saved 3 candles to /var/folders/bg/nvvgmxr97mdg66zygh329ss40000gp/T/tmp5pxpghl6/NIFTY_1m_20250927.csv
2025-09-27 11:56:08,921 - candle_builder - INFO - Initialized CandleBuilder with timeframes: ['1m']
2025-09-27 11:56:08,922 - candle_builder - INFO - Loaded 3 candles for NIFTY_1m
2025-09-27 11:56:08,923 - candle_builder - INFO - Initialized CandleBuilder with timeframes: ['1m', '5m']
2025-09-27 11:56:08,924 - candle_builder - INFO - Initialized CandleBuilder with timeframes: ['1m']
2025-09-27 11:56:08,924 - candle_builder - INFO - Initialized CandleBuilder with timeframes: ['1m']
2025-09-27 11:56:08,924 - candle_builder - INFO - Initialized CandleBuilder with timeframes: ['1m']
2025-09-27 11:56:08,925 - candle_builder - INFO - Initialized CandleBuilder with timeframes: []
2025-09-27 11:56:18,224 - candle_builder - INFO - Initialized CandleBuilder with timeframes: ['1m', '5m', '15m']
2025-09-27 11:56:18,226 - candle_builder - INFO - Initialized CandleBuilder with timeframes: ['1m', '5m']
2025-09-27 11:56:18,228 - candle_builder - INFO - Saved 59 candles to demo_candles/BANKNIFTY_1m_20250927.csv
2025-09-27 11:56:18,229 - candle_builder - INFO - Saved 12 candles to demo_candles/BANKNIFTY_5m_20250927.csv
2025-09-27 11:56:18,229 - candle_builder - INFO - Saved 59 candles to demo_candles/NIFTY_1m_20250927.csv
2025-09-27 11:56:18,230 - candle_builder - INFO - Saved 12 candles to demo_candles/NIFTY_5m_20250927.csv
2025-09-27 11:56:18,230 - candle_builder - WARNING - No candle files found for NIFTY_1m
2025-09-27 11:56:18,230 - candle_builder - WARNING - No candle files found for BANKNIFTY_5m
2025-09-27 11:56:18,233 - candle_builder - INFO - Initialized CandleBuilder with timeframes: ['1m', '5m']
2025-09-27 13:29:28,620 - candle_builder - INFO - Initialized CandleBuilder with timeframes: ['1m', '5m']
