2025-09-27 14:39:03,350 - paper_trader - INFO - Initialized PaperTrader with capital: $100,000.00
2025-09-27 14:39:03,350 - paper_trader - INFO - Initialized PaperTrader with capital: $100,000.00
2025-09-27 14:39:03,351 - paper_trader - INFO - Initialized PaperTrader with capital: $100,000.00
2025-09-27 14:39:03,351 - paper_trader - WARNING - Insufficient cash for order: 1801800.00 > 100000.00
2025-09-27 14:39:03,351 - paper_trader - WARNING - Order rejected: PaperOrder(order_id='3b129240-976c-4bca-873c-1bdf3a033b94', symbol='NIFTY', side='BUY', order_type=<OrderType.MARKET: 'MARKET'>, quantity=100, price=None, stop_price=None, status=<OrderStatus.REJECTED: 'REJECTED'>, filled_quantity=0, filled_price=0.0, commission=0.0, timestamp=datetime.datetime(2025, 9, 27, 14, 39, 3, 351494), filled_timestamp=None, metadata={})
2025-09-27 14:39:03,355 - paper_trader - INFO - Initialized PaperTrader with capital: $100,000.00
2025-09-27 14:39:03,356 - paper_trader - WARNING - Insufficient cash for order: 1791790.00 > 100000.00
2025-09-27 14:39:03,356 - paper_trader - WARNING - Order rejected: PaperOrder(order_id='8dff9d17-8aeb-4345-9039-f5d7845535c3', symbol='NIFTY', side='BUY', order_type=<OrderType.LIMIT: 'LIMIT'>, quantity=100, price=17900.0, stop_price=None, status=<OrderStatus.REJECTED: 'REJECTED'>, filled_quantity=0, filled_price=0.0, commission=0.0, timestamp=datetime.datetime(2025, 9, 27, 14, 39, 3, 356038), filled_timestamp=None, metadata={})
2025-09-27 14:39:03,359 - paper_trader - INFO - Initialized PaperTrader with capital: $100,000.00
2025-09-27 14:39:03,359 - paper_trader - WARNING - Insufficient cash for order: 1791790.00 > 100000.00
2025-09-27 14:39:03,359 - paper_trader - WARNING - Order rejected: PaperOrder(order_id='f6553a58-993a-4633-836e-70f5fc808f7d', symbol='NIFTY', side='BUY', order_type=<OrderType.LIMIT: 'LIMIT'>, quantity=100, price=17900.0, stop_price=None, status=<OrderStatus.REJECTED: 'REJECTED'>, filled_quantity=0, filled_price=0.0, commission=0.0, timestamp=datetime.datetime(2025, 9, 27, 14, 39, 3, 359496), filled_timestamp=None, metadata={})
2025-09-27 14:39:03,359 - paper_trader - WARNING - Order not found: f6553a58-993a-4633-836e-70f5fc808f7d
2025-09-27 14:39:03,363 - paper_trader - INFO - Initialized PaperTrader with capital: $100,000.00
2025-09-27 14:39:03,363 - paper_trader - INFO - Initialized PaperTrader with capital: $100,000.00
2025-09-27 14:39:03,363 - paper_trader - WARNING - No current price available for NIFTY
2025-09-27 14:39:03,363 - paper_trader - INFO - Order submitted: PaperOrder(order_id='e2abe953-3fc6-41b6-b11f-9e00ac45d9b2', symbol='NIFTY', side='BUY', order_type=<OrderType.MARKET: 'MARKET'>, quantity=100, price=None, stop_price=None, status=<OrderStatus.REJECTED: 'REJECTED'>, filled_quantity=0, filled_price=0.0, commission=0.0, timestamp=datetime.datetime(2025, 9, 27, 14, 39, 3, 363810), filled_timestamp=None, metadata={})
2025-09-27 14:39:03,363 - paper_trader - INFO - PaperTrader reset to initial state
2025-09-27 14:39:03,367 - paper_trader - INFO - Initialized PaperTrader with capital: $100,000.00
2025-09-27 14:39:03,367 - paper_trader - INFO - Initialized PaperTrader with capital: $100,000.00
2025-09-27 14:39:03,367 - paper_trader - INFO - Initialized PaperTrader with capital: $100,000.00
2025-09-27 14:39:03,368 - paper_trader - INFO - Initialized PaperTrader with capital: $100,000.00
2025-09-27 14:39:03,369 - paper_trader - INFO - Initialized PaperTrader with capital: $100,000.00
2025-09-27 14:39:03,369 - paper_trader - INFO - Initialized PaperTrader with capital: $100,000.00
2025-09-27 14:39:03,370 - paper_trader - INFO - Initialized PaperTrader with capital: $100,000.00
2025-09-27 14:53:03,869 - paper_trader - INFO - Initialized PaperTrader with capital: $100,000.00
2025-09-27 14:53:03,869 - paper_trader - INFO - Order filled: BUY 5 NIFTY @ $18009.00
2025-09-27 14:53:03,869 - paper_trader - INFO - Order submitted: PaperOrder(order_id='d4f34e1f-c32b-4eb4-9b34-2d59d9c38f89', symbol='NIFTY', side='BUY', order_type=<OrderType.MARKET: 'MARKET'>, quantity=5, price=None, stop_price=None, status=<OrderStatus.FILLED: 'FILLED'>, filled_quantity=5, filled_price=18009.0, commission=90.045, timestamp=datetime.datetime(2025, 9, 27, 14, 53, 3, 869882), filled_timestamp=datetime.datetime(2025, 9, 27, 14, 53, 3, 869886), metadata={})
2025-09-27 14:53:07,798 - paper_trader - INFO - Initialized PaperTrader with capital: $100,000.00
2025-09-27 14:53:07,798 - paper_trader - WARNING - Insufficient cash for order: 1791790.00 > 100000.00
2025-09-27 14:53:07,798 - paper_trader - WARNING - Order rejected: PaperOrder(order_id='0248ffab-0852-4b17-9ebe-757aa7b8fa8b', symbol='NIFTY', side='BUY', order_type=<OrderType.LIMIT: 'LIMIT'>, quantity=100, price=17900.0, stop_price=None, status=<OrderStatus.REJECTED: 'REJECTED'>, filled_quantity=0, filled_price=0.0, commission=0.0, timestamp=datetime.datetime(2025, 9, 27, 14, 53, 7, 798433), filled_timestamp=None, metadata={})
2025-09-27 14:53:35,824 - paper_trader - INFO - Initialized PaperTrader with capital: $100,000.00
2025-09-27 14:53:35,824 - paper_trader - INFO - Order submitted: PaperOrder(order_id='78d129bc-7e4d-499c-b502-2e9420da633f', symbol='NIFTY', side='BUY', order_type=<OrderType.LIMIT: 'LIMIT'>, quantity=5, price=17900.0, stop_price=None, status=<OrderStatus.SUBMITTED: 'SUBMITTED'>, filled_quantity=0, filled_price=0.0, commission=0.0, timestamp=datetime.datetime(2025, 9, 27, 14, 53, 35, 824366), filled_timestamp=None, metadata={})
2025-09-27 14:53:40,581 - paper_trader - INFO - Initialized PaperTrader with capital: $100,000.00
2025-09-27 14:53:40,581 - paper_trader - INFO - Order submitted: PaperOrder(order_id='38dcc05b-c5c2-4b23-bae8-eecc2f4fefe2', symbol='NIFTY', side='BUY', order_type=<OrderType.LIMIT: 'LIMIT'>, quantity=5, price=17900.0, stop_price=None, status=<OrderStatus.SUBMITTED: 'SUBMITTED'>, filled_quantity=0, filled_price=0.0, commission=0.0, timestamp=datetime.datetime(2025, 9, 27, 14, 53, 40, 581652), filled_timestamp=None, metadata={})
2025-09-27 14:53:40,581 - paper_trader - INFO - Order cancelled: 38dcc05b-c5c2-4b23-bae8-eecc2f4fefe2
2025-09-27 14:53:46,824 - paper_trader - INFO - Initialized PaperTrader with capital: $100,000.00
2025-09-27 14:53:46,824 - paper_trader - INFO - Initialized PaperTrader with capital: $100,000.00
2025-09-27 14:53:46,825 - paper_trader - INFO - Initialized PaperTrader with capital: $100,000.00
2025-09-27 14:53:46,825 - paper_trader - INFO - Order filled: BUY 5 NIFTY @ $18009.00
2025-09-27 14:53:46,825 - paper_trader - INFO - Order submitted: PaperOrder(order_id='9bb8fc32-c1a8-4ca8-95d5-31f84a50a905', symbol='NIFTY', side='BUY', order_type=<OrderType.MARKET: 'MARKET'>, quantity=5, price=None, stop_price=None, status=<OrderStatus.FILLED: 'FILLED'>, filled_quantity=5, filled_price=18009.0, commission=90.045, timestamp=datetime.datetime(2025, 9, 27, 14, 53, 46, 825237), filled_timestamp=datetime.datetime(2025, 9, 27, 14, 53, 46, 825241), metadata={})
2025-09-27 14:53:46,825 - paper_trader - INFO - Initialized PaperTrader with capital: $100,000.00
2025-09-27 14:53:46,825 - paper_trader - INFO - Order submitted: PaperOrder(order_id='21fec631-a9b0-490d-8d6a-cb2142acbb0b', symbol='NIFTY', side='BUY', order_type=<OrderType.LIMIT: 'LIMIT'>, quantity=5, price=17900.0, stop_price=None, status=<OrderStatus.SUBMITTED: 'SUBMITTED'>, filled_quantity=0, filled_price=0.0, commission=0.0, timestamp=datetime.datetime(2025, 9, 27, 14, 53, 46, 825741), filled_timestamp=None, metadata={})
2025-09-27 14:53:46,826 - paper_trader - INFO - Initialized PaperTrader with capital: $100,000.00
2025-09-27 14:53:46,826 - paper_trader - INFO - Order submitted: PaperOrder(order_id='13c63c0f-1f8b-4f88-b603-f4e0e2396667', symbol='NIFTY', side='BUY', order_type=<OrderType.LIMIT: 'LIMIT'>, quantity=5, price=17900.0, stop_price=None, status=<OrderStatus.SUBMITTED: 'SUBMITTED'>, filled_quantity=0, filled_price=0.0, commission=0.0, timestamp=datetime.datetime(2025, 9, 27, 14, 53, 46, 826205), filled_timestamp=None, metadata={})
2025-09-27 14:53:46,826 - paper_trader - INFO - Order cancelled: 13c63c0f-1f8b-4f88-b603-f4e0e2396667
2025-09-27 14:53:46,826 - paper_trader - INFO - Initialized PaperTrader with capital: $100,000.00
2025-09-27 14:53:46,826 - paper_trader - INFO - Initialized PaperTrader with capital: $100,000.00
2025-09-27 14:53:46,827 - paper_trader - WARNING - No current price available for NIFTY
2025-09-27 14:53:46,827 - paper_trader - WARNING - Order rejected: PaperOrder(order_id='d1b21761-c4dd-4560-a7d6-1125d55a6ed5', symbol='NIFTY', side='BUY', order_type=<OrderType.MARKET: 'MARKET'>, quantity=100, price=None, stop_price=None, status=<OrderStatus.REJECTED: 'REJECTED'>, filled_quantity=0, filled_price=0.0, commission=0.0, timestamp=datetime.datetime(2025, 9, 27, 14, 53, 46, 827081), filled_timestamp=None, metadata={})
2025-09-27 14:53:46,827 - paper_trader - INFO - PaperTrader reset to initial state
2025-09-27 14:53:46,829 - paper_trader - INFO - Initialized PaperTrader with capital: $100,000.00
2025-09-27 14:53:46,830 - paper_trader - INFO - Initialized PaperTrader with capital: $100,000.00
2025-09-27 14:53:46,830 - paper_trader - INFO - Initialized PaperTrader with capital: $100,000.00
2025-09-27 14:53:46,831 - paper_trader - INFO - Initialized PaperTrader with capital: $100,000.00
2025-09-27 14:53:46,832 - paper_trader - INFO - Initialized PaperTrader with capital: $100,000.00
2025-09-27 14:53:46,832 - paper_trader - INFO - Initialized PaperTrader with capital: $100,000.00
2025-09-27 14:53:46,833 - paper_trader - INFO - Initialized PaperTrader with capital: $100,000.00
2025-09-27 14:55:13,639 - paper_trader - INFO - Initialized PaperTrader with capital: $100,000.00
2025-09-27 14:55:13,640 - paper_trader - INFO - Initialized PaperTrader with capital: $100,000.00
2025-09-27 14:55:13,640 - paper_trader - INFO - Initialized PaperTrader with capital: $100,000.00
2025-09-27 14:55:13,640 - paper_trader - INFO - Order filled: BUY 5 NIFTY @ $18009.00
2025-09-27 14:55:13,640 - paper_trader - INFO - Order submitted: PaperOrder(order_id='ff825814-50a3-4cbd-ba83-7689f997baf8', symbol='NIFTY', side='BUY', order_type=<OrderType.MARKET: 'MARKET'>, quantity=5, price=None, stop_price=None, status=<OrderStatus.FILLED: 'FILLED'>, filled_quantity=5, filled_price=18009.0, commission=90.045, timestamp=datetime.datetime(2025, 9, 27, 14, 55, 13, 640603), filled_timestamp=datetime.datetime(2025, 9, 27, 14, 55, 13, 640607), metadata={})
2025-09-27 14:55:13,640 - paper_trader - INFO - Initialized PaperTrader with capital: $100,000.00
2025-09-27 14:55:13,641 - paper_trader - INFO - Order submitted: PaperOrder(order_id='1df14dfa-7c43-45ed-b5fc-6188f1bc3d77', symbol='NIFTY', side='BUY', order_type=<OrderType.LIMIT: 'LIMIT'>, quantity=5, price=17900.0, stop_price=None, status=<OrderStatus.SUBMITTED: 'SUBMITTED'>, filled_quantity=0, filled_price=0.0, commission=0.0, timestamp=datetime.datetime(2025, 9, 27, 14, 55, 13, 641123), filled_timestamp=None, metadata={})
2025-09-27 14:55:13,641 - paper_trader - INFO - Initialized PaperTrader with capital: $100,000.00
2025-09-27 14:55:13,641 - paper_trader - INFO - Order submitted: PaperOrder(order_id='2a480cb2-1c39-43b2-87b6-5b6183169fe0', symbol='NIFTY', side='BUY', order_type=<OrderType.LIMIT: 'LIMIT'>, quantity=5, price=17900.0, stop_price=None, status=<OrderStatus.SUBMITTED: 'SUBMITTED'>, filled_quantity=0, filled_price=0.0, commission=0.0, timestamp=datetime.datetime(2025, 9, 27, 14, 55, 13, 641574), filled_timestamp=None, metadata={})
2025-09-27 14:55:13,641 - paper_trader - INFO - Order cancelled: 2a480cb2-1c39-43b2-87b6-5b6183169fe0
2025-09-27 14:55:13,641 - paper_trader - INFO - Initialized PaperTrader with capital: $100,000.00
2025-09-27 14:55:13,642 - paper_trader - INFO - Initialized PaperTrader with capital: $100,000.00
2025-09-27 14:55:13,642 - paper_trader - WARNING - No current price available for NIFTY
2025-09-27 14:55:13,642 - paper_trader - WARNING - Order rejected: PaperOrder(order_id='3d499f6f-7ea5-45eb-84d1-8fa0b514be2c', symbol='NIFTY', side='BUY', order_type=<OrderType.MARKET: 'MARKET'>, quantity=100, price=None, stop_price=None, status=<OrderStatus.REJECTED: 'REJECTED'>, filled_quantity=0, filled_price=0.0, commission=0.0, timestamp=datetime.datetime(2025, 9, 27, 14, 55, 13, 642466), filled_timestamp=None, metadata={})
2025-09-27 14:55:13,642 - paper_trader - INFO - PaperTrader reset to initial state
2025-09-27 14:55:13,645 - paper_trader - INFO - Initialized PaperTrader with capital: $100,000.00
2025-09-27 14:55:13,645 - paper_trader - INFO - Initialized PaperTrader with capital: $100,000.00
2025-09-27 14:55:13,646 - paper_trader - INFO - Initialized PaperTrader with capital: $100,000.00
2025-09-27 14:55:13,646 - paper_trader - INFO - Initialized PaperTrader with capital: $100,000.00
2025-09-27 14:55:13,647 - paper_trader - INFO - Initialized PaperTrader with capital: $100,000.00
2025-09-27 14:55:13,647 - paper_trader - INFO - Initialized PaperTrader with capital: $100,000.00
2025-09-27 14:55:13,648 - paper_trader - INFO - Initialized PaperTrader with capital: $100,000.00
2025-09-27 15:07:05,498 - paper_trader - INFO - Initialized PaperTrader with capital: $100,000.00
2025-09-27 15:07:23,365 - paper_trader - INFO - Initialized PaperTrader with capital: $100,000.00
2025-09-27 15:07:23,365 - paper_trader - WARNING - Insufficient cash for order: 180180.00 > 100000.00
2025-09-27 15:07:23,365 - paper_trader - WARNING - Order rejected: PaperOrder(order_id='30f04877-bd7c-4bbc-8e91-b4b63eca981e', symbol='NIFTY', side='BUY', order_type=<OrderType.MARKET: 'MARKET'>, quantity=10, price=None, stop_price=None, status=<OrderStatus.REJECTED: 'REJECTED'>, filled_quantity=0, filled_price=0.0, commission=0.0, timestamp=datetime.datetime(2025, 9, 27, 15, 7, 23, 365065), filled_timestamp=None, metadata={})
2025-09-27 15:07:40,737 - paper_trader - INFO - Initialized PaperTrader with capital: $100,000.00
2025-09-27 15:07:40,737 - paper_trader - INFO - Order filled: BUY 5 NIFTY @ $18009.00
2025-09-27 15:07:40,737 - paper_trader - INFO - Order submitted: PaperOrder(order_id='2dbd227b-12d7-4c00-9dc0-c077dc8be252', symbol='NIFTY', side='BUY', order_type=<OrderType.MARKET: 'MARKET'>, quantity=5, price=None, stop_price=None, status=<OrderStatus.FILLED: 'FILLED'>, filled_quantity=5, filled_price=18009.0, commission=90.045, timestamp=datetime.datetime(2025, 9, 27, 15, 7, 40, 737540), filled_timestamp=datetime.datetime(2025, 9, 27, 15, 7, 40, 737545), metadata={})
2025-09-27 15:08:37,299 - paper_trader - INFO - Initialized PaperTrader with capital: $100,000.00
2025-09-27 15:08:37,300 - paper_trader - INFO - Initialized PaperTrader with capital: $100,000.00
2025-09-27 15:08:37,300 - paper_trader - INFO - Initialized PaperTrader with capital: $100,000.00
2025-09-27 15:08:37,301 - paper_trader - INFO - Order filled: BUY 5 NIFTY @ $18009.00
2025-09-27 15:08:37,301 - paper_trader - INFO - Order submitted: PaperOrder(order_id='94635653-b7ff-42ee-aa0e-f99122e23f81', symbol='NIFTY', side='BUY', order_type=<OrderType.MARKET: 'MARKET'>, quantity=5, price=None, stop_price=None, status=<OrderStatus.FILLED: 'FILLED'>, filled_quantity=5, filled_price=18009.0, commission=90.045, timestamp=datetime.datetime(2025, 9, 27, 15, 8, 37, 301037), filled_timestamp=datetime.datetime(2025, 9, 27, 15, 8, 37, 301042), metadata={})
2025-09-27 15:08:37,301 - paper_trader - INFO - Initialized PaperTrader with capital: $100,000.00
2025-09-27 15:08:37,301 - paper_trader - INFO - Order submitted: PaperOrder(order_id='6ca2b118-e1e8-462d-ad77-062676af745a', symbol='NIFTY', side='BUY', order_type=<OrderType.LIMIT: 'LIMIT'>, quantity=5, price=17900.0, stop_price=None, status=<OrderStatus.SUBMITTED: 'SUBMITTED'>, filled_quantity=0, filled_price=0.0, commission=0.0, timestamp=datetime.datetime(2025, 9, 27, 15, 8, 37, 301629), filled_timestamp=None, metadata={})
2025-09-27 15:08:37,302 - paper_trader - INFO - Initialized PaperTrader with capital: $100,000.00
2025-09-27 15:08:37,302 - paper_trader - INFO - Order submitted: PaperOrder(order_id='1060afd1-4b2b-4a4e-a39b-3497c89f4fee', symbol='NIFTY', side='BUY', order_type=<OrderType.LIMIT: 'LIMIT'>, quantity=5, price=17900.0, stop_price=None, status=<OrderStatus.SUBMITTED: 'SUBMITTED'>, filled_quantity=0, filled_price=0.0, commission=0.0, timestamp=datetime.datetime(2025, 9, 27, 15, 8, 37, 302257), filled_timestamp=None, metadata={})
2025-09-27 15:08:37,302 - paper_trader - INFO - Order cancelled: 1060afd1-4b2b-4a4e-a39b-3497c89f4fee
2025-09-27 15:08:37,302 - paper_trader - INFO - Initialized PaperTrader with capital: $100,000.00
2025-09-27 15:08:37,303 - paper_trader - INFO - Initialized PaperTrader with capital: $100,000.00
2025-09-27 15:08:37,303 - paper_trader - WARNING - No current price available for NIFTY
2025-09-27 15:08:37,303 - paper_trader - WARNING - Order rejected: PaperOrder(order_id='79d9b1a3-f604-49ba-97e0-277f0848417a', symbol='NIFTY', side='BUY', order_type=<OrderType.MARKET: 'MARKET'>, quantity=100, price=None, stop_price=None, status=<OrderStatus.REJECTED: 'REJECTED'>, filled_quantity=0, filled_price=0.0, commission=0.0, timestamp=datetime.datetime(2025, 9, 27, 15, 8, 37, 303349), filled_timestamp=None, metadata={})
2025-09-27 15:08:37,303 - paper_trader - INFO - PaperTrader reset to initial state
2025-09-27 15:08:37,306 - paper_trader - INFO - Initialized PaperTrader with capital: $100,000.00
2025-09-27 15:08:37,306 - paper_trader - INFO - Initialized PaperTrader with capital: $100,000.00
2025-09-27 15:08:37,307 - paper_trader - INFO - Initialized PaperTrader with capital: $100,000.00
2025-09-27 15:08:37,307 - paper_trader - INFO - Initialized PaperTrader with capital: $100,000.00
2025-09-27 15:08:37,308 - paper_trader - INFO - Initialized PaperTrader with capital: $100,000.00
2025-09-27 15:08:37,308 - paper_trader - INFO - Initialized PaperTrader with capital: $100,000.00
2025-09-27 15:08:37,309 - paper_trader - INFO - Initialized PaperTrader with capital: $100,000.00
