2025-09-27 14:00:55,462 - portfolio_manager - INFO - Initialized PortfolioManager with capital: $100,000.00
2025-09-27 14:00:55,463 - portfolio_manager - INFO - Initialized PortfolioManager with capital: $100,000.00
2025-09-27 14:00:55,463 - portfolio_manager - INFO - Executed BUY signal for NIFTY
2025-09-27 14:00:55,463 - portfolio_manager - INFO - Initialized PortfolioManager with capital: $100,000.00
2025-09-27 14:00:55,464 - portfolio_manager - INFO - Executed BUY signal for NIFTY
2025-09-27 14:00:55,464 - portfolio_manager - INFO - Initialized PortfolioManager with capital: $100,000.00
2025-09-27 14:00:55,465 - portfolio_manager - INFO - Initialized PortfolioManager with capital: $100,000.00
2025-09-27 14:00:55,465 - portfolio_manager - INFO - Executed BUY signal for NIFTY
2025-09-27 14:00:55,465 - portfolio_manager - INFO - PortfolioManager reset to initial state
2025-09-27 14:00:55,465 - portfolio_manager - INFO - Initialized PortfolioManager with capital: $100,000.00
2025-09-27 14:00:55,466 - portfolio_manager - INFO - Initialized PortfolioManager with capital: $100,000.00
2025-09-27 14:00:55,466 - portfolio_manager - INFO - PortfolioManager reset to initial state
2025-09-27 14:00:55,472 - portfolio_manager - INFO - Rebalancing portfolio at 2024-01-01 00:00:00
2025-09-27 14:00:55,476 - portfolio_manager - INFO - Initialized PortfolioManager with capital: $100,000.00
2025-09-27 14:00:55,477 - portfolio_manager - INFO - PortfolioManager reset to initial state
2025-09-27 14:00:55,481 - portfolio_manager - INFO - Rebalancing portfolio at 2024-01-01 00:00:00
2025-09-27 14:00:55,483 - portfolio_manager - INFO - PortfolioManager reset to initial state
2025-09-27 14:00:55,488 - portfolio_manager - INFO - Rebalancing portfolio at 2024-01-01 00:00:00
2025-09-27 14:02:03,899 - portfolio_manager - INFO - Initialized PortfolioManager with capital: $100,000.00
2025-09-27 14:02:03,900 - portfolio_manager - INFO - PortfolioManager reset to initial state
2025-09-27 14:02:03,905 - portfolio_manager - INFO - Rebalancing portfolio at 2024-01-01 00:00:00
2025-09-27 14:02:03,908 - portfolio_manager - INFO - PortfolioManager reset to initial state
2025-09-27 14:02:03,912 - portfolio_manager - INFO - Rebalancing portfolio at 2024-01-01 00:00:00
2025-09-27 14:02:35,997 - portfolio_manager - INFO - Initialized PortfolioManager with capital: $100,000.00
2025-09-27 14:02:35,997 - portfolio_manager - INFO - Initialized PortfolioManager with capital: $100,000.00
2025-09-27 14:02:35,997 - portfolio_manager - INFO - Executed BUY signal for NIFTY
2025-09-27 14:02:35,997 - portfolio_manager - INFO - Initialized PortfolioManager with capital: $100,000.00
2025-09-27 14:02:35,998 - portfolio_manager - INFO - Executed BUY signal for NIFTY
2025-09-27 14:02:35,998 - portfolio_manager - INFO - Initialized PortfolioManager with capital: $100,000.00
2025-09-27 14:02:35,998 - portfolio_manager - INFO - Initialized PortfolioManager with capital: $100,000.00
2025-09-27 14:02:35,999 - portfolio_manager - INFO - Executed BUY signal for NIFTY
2025-09-27 14:02:35,999 - portfolio_manager - INFO - PortfolioManager reset to initial state
2025-09-27 14:02:35,999 - portfolio_manager - INFO - Initialized PortfolioManager with capital: $100,000.00
2025-09-27 14:02:35,999 - portfolio_manager - INFO - Initialized PortfolioManager with capital: $100,000.00
2025-09-27 14:02:36,000 - portfolio_manager - INFO - PortfolioManager reset to initial state
2025-09-27 14:02:36,007 - portfolio_manager - INFO - Rebalancing portfolio at 2024-01-01 00:00:00
2025-09-27 14:02:36,010 - portfolio_manager - INFO - Initialized PortfolioManager with capital: $100,000.00
2025-09-27 14:02:36,011 - portfolio_manager - INFO - PortfolioManager reset to initial state
2025-09-27 14:02:36,016 - portfolio_manager - INFO - Rebalancing portfolio at 2024-01-01 00:00:00
2025-09-27 14:02:36,018 - portfolio_manager - INFO - PortfolioManager reset to initial state
2025-09-27 14:02:36,022 - portfolio_manager - INFO - Rebalancing portfolio at 2024-01-01 00:00:00
2025-09-27 14:04:42,778 - portfolio_manager - INFO - Initialized PortfolioManager with capital: $100,000.00
2025-09-27 14:04:42,779 - portfolio_manager - INFO - Executed BUY signal for NIFTY
2025-09-27 14:04:42,779 - portfolio_manager - INFO - Executed BUY signal for RELIANCE
2025-09-27 14:05:21,041 - portfolio_manager - INFO - Initialized PortfolioManager with capital: $100,000.00
2025-09-27 14:05:21,041 - portfolio_manager - INFO - Executed BUY signal for NIFTY
2025-09-27 14:05:21,041 - portfolio_manager - INFO - Executed BUY signal for RELIANCE
2025-09-27 14:05:21,043 - portfolio_manager - INFO - Initialized PortfolioManager with capital: $100,000.00
2025-09-27 14:05:21,043 - portfolio_manager - INFO - PortfolioManager reset to initial state
2025-09-27 14:05:21,068 - portfolio_manager - INFO - Rebalancing portfolio at 2024-01-01 09:15:00
2025-09-27 14:05:21,069 - portfolio_manager - INFO - Executed SELL signal for NIFTY
2025-09-27 14:05:21,070 - portfolio_manager - INFO - Executed SELL signal for NIFTY
2025-09-27 14:05:21,071 - portfolio_manager - INFO - Executed SELL signal for NIFTY
2025-09-27 14:05:21,078 - portfolio_manager - INFO - Initialized PortfolioManager with capital: $100,000.00
2025-09-27 14:05:21,078 - portfolio_manager - INFO - PortfolioManager reset to initial state
2025-09-27 14:05:21,094 - portfolio_manager - INFO - Rebalancing portfolio at 2024-01-01 09:15:00
2025-09-27 14:05:21,095 - portfolio_manager - INFO - Executed SELL signal for NIFTY
2025-09-27 14:05:21,096 - portfolio_manager - INFO - Executed SELL signal for NIFTY
2025-09-27 14:05:21,096 - portfolio_manager - INFO - Executed SELL signal for NIFTY
2025-09-27 14:05:21,100 - portfolio_manager - INFO - PortfolioManager reset to initial state
2025-09-27 14:05:21,116 - portfolio_manager - INFO - Rebalancing portfolio at 2024-01-01 09:15:00
2025-09-27 14:05:21,118 - portfolio_manager - INFO - Executed SELL signal for NIFTY
2025-09-27 14:05:21,118 - portfolio_manager - INFO - Executed SELL signal for NIFTY
2025-09-27 14:05:21,119 - portfolio_manager - INFO - Executed SELL signal for NIFTY
2025-09-27 14:05:21,123 - portfolio_manager - INFO - PortfolioManager reset to initial state
2025-09-27 14:05:21,138 - portfolio_manager - INFO - Rebalancing portfolio at 2024-01-01 09:15:00
2025-09-27 14:05:21,140 - portfolio_manager - INFO - Executed SELL signal for NIFTY
2025-09-27 14:05:21,140 - portfolio_manager - INFO - Executed SELL signal for NIFTY
2025-09-27 14:05:21,151 - portfolio_manager - INFO - Initialized PortfolioManager with capital: $100,000.00
2025-09-27 14:05:21,151 - portfolio_manager - INFO - PortfolioManager reset to initial state
2025-09-27 14:05:21,196 - portfolio_manager - INFO - Rebalancing portfolio at 2025-09-27 14:05:00
2025-09-27 14:05:21,197 - portfolio_manager - INFO - Executed SELL signal for NIFTY
2025-09-27 14:05:21,198 - portfolio_manager - INFO - Executed SELL signal for NIFTY
2025-09-27 14:05:21,198 - portfolio_manager - INFO - Executed SELL signal for NIFTY
2025-09-27 14:05:21,199 - portfolio_manager - INFO - Executed SELL signal for NIFTY
2025-09-27 14:05:21,200 - portfolio_manager - INFO - Executed BUY signal for NIFTY
2025-09-27 14:05:21,201 - portfolio_manager - INFO - Executed SELL signal for NIFTY
2025-09-27 14:05:21,202 - portfolio_manager - INFO - Executed SELL signal for NIFTY
2025-09-27 14:05:21,203 - portfolio_manager - INFO - Executed SELL signal for NIFTY
2025-09-27 14:05:21,203 - portfolio_manager - INFO - Executed SELL signal for NIFTY
2025-09-27 14:05:21,204 - portfolio_manager - INFO - Executed SELL signal for NIFTY
2025-09-27 14:05:21,204 - portfolio_manager - INFO - Executed SELL signal for NIFTY
2025-09-27 14:05:21,205 - portfolio_manager - INFO - Executed SELL signal for NIFTY
2025-09-27 14:05:21,205 - portfolio_manager - INFO - Executed SELL signal for NIFTY
2025-09-27 14:05:21,206 - portfolio_manager - INFO - Executed SELL signal for NIFTY
2025-09-27 14:05:21,207 - portfolio_manager - INFO - Executed SELL signal for NIFTY
2025-09-27 14:05:21,208 - portfolio_manager - INFO - Executed SELL signal for NIFTY
2025-09-27 14:05:21,209 - portfolio_manager - INFO - Executed SELL signal for NIFTY
2025-09-27 15:08:37,254 - portfolio_manager - INFO - Initialized PortfolioManager with capital: $100,000.00
2025-09-27 15:08:37,254 - portfolio_manager - INFO - Initialized PortfolioManager with capital: $100,000.00
2025-09-27 15:08:37,254 - portfolio_manager - INFO - Executed BUY signal for NIFTY
2025-09-27 15:08:37,254 - portfolio_manager - INFO - Initialized PortfolioManager with capital: $100,000.00
2025-09-27 15:08:37,255 - portfolio_manager - INFO - Executed BUY signal for NIFTY
2025-09-27 15:08:37,255 - portfolio_manager - INFO - Initialized PortfolioManager with capital: $100,000.00
2025-09-27 15:08:37,255 - portfolio_manager - INFO - Initialized PortfolioManager with capital: $100,000.00
2025-09-27 15:08:37,256 - portfolio_manager - INFO - Executed BUY signal for NIFTY
2025-09-27 15:08:37,256 - portfolio_manager - INFO - PortfolioManager reset to initial state
2025-09-27 15:08:37,256 - portfolio_manager - INFO - Initialized PortfolioManager with capital: $100,000.00
2025-09-27 15:08:37,256 - portfolio_manager - INFO - Initialized PortfolioManager with capital: $100,000.00
2025-09-27 15:08:37,257 - portfolio_manager - INFO - PortfolioManager reset to initial state
2025-09-27 15:08:37,263 - portfolio_manager - INFO - Rebalancing portfolio at 2024-01-01 00:00:00
2025-09-27 15:08:37,267 - portfolio_manager - INFO - Initialized PortfolioManager with capital: $100,000.00
2025-09-27 15:08:37,268 - portfolio_manager - INFO - PortfolioManager reset to initial state
2025-09-27 15:08:37,272 - portfolio_manager - INFO - Rebalancing portfolio at 2024-01-01 00:00:00
2025-09-27 15:08:37,274 - portfolio_manager - INFO - PortfolioManager reset to initial state
2025-09-27 15:08:37,279 - portfolio_manager - INFO - Rebalancing portfolio at 2024-01-01 00:00:00
