2025-09-27 14:00:55,423 - trade_executor - INFO - Initialized TradeExecutor with capital: $100,000.00
2025-09-27 14:00:55,423 - trade_executor - INFO - Initialized TradeExecutor with capital: $100,000.00
2025-09-27 14:00:55,423 - trade_executor - INFO - Opened LONG position: NIFTY x5 @ $18009.00
2025-09-27 14:00:55,424 - trade_executor - INFO - Initialized TradeExecutor with capital: $100,000.00
2025-09-27 14:00:55,424 - trade_executor - INFO - Opened LONG position: NIFTY x5 @ $18009.00
2025-09-27 14:00:55,424 - trade_executor - INFO - Initialized TradeExecutor with capital: $100,000.00
2025-09-27 14:00:55,424 - trade_executor - INFO - Opened SHORT position: NIFTY x5 @ $17991.00
2025-09-27 14:00:55,425 - trade_executor - INFO - Initialized TradeExecutor with capital: $100,000.00
2025-09-27 14:00:55,425 - trade_executor - INFO - Opened LONG position: NIFTY x5 @ $18009.00
2025-09-27 14:00:55,425 - trade_executor - INFO - Closed LONG position: NIFTY @ $18090.95, P&L: $319.30
2025-09-27 14:00:55,425 - trade_executor - INFO - Initialized TradeExecutor with capital: $100,000.00
2025-09-27 14:00:55,425 - trade_executor - INFO - Opened LONG position: NIFTY x5 @ $18009.00
2025-09-27 14:00:55,453 - trade_executor - INFO - Initialized TradeExecutor with capital: $100,000.00
2025-09-27 14:00:55,453 - trade_executor - INFO - Initialized TradeExecutor with capital: $100,000.00
2025-09-27 14:00:55,453 - trade_executor - INFO - Opened LONG position: NIFTY x5 @ $18009.00
2025-09-27 14:00:55,453 - trade_executor - INFO - TradeExecutor reset to initial state
2025-09-27 14:00:55,462 - trade_executor - INFO - Initialized TradeExecutor with capital: $100,000.00
2025-09-27 14:00:55,463 - trade_executor - INFO - Initialized TradeExecutor with capital: $100,000.00
2025-09-27 14:00:55,463 - trade_executor - INFO - Opened LONG position: NIFTY x5 @ $18009.00
2025-09-27 14:00:55,463 - trade_executor - INFO - Initialized TradeExecutor with capital: $100,000.00
2025-09-27 14:00:55,464 - trade_executor - INFO - Opened LONG position: NIFTY x5 @ $18009.00
2025-09-27 14:00:55,464 - trade_executor - INFO - Initialized TradeExecutor with capital: $100,000.00
2025-09-27 14:00:55,465 - trade_executor - INFO - Initialized TradeExecutor with capital: $100,000.00
2025-09-27 14:00:55,465 - trade_executor - INFO - Opened LONG position: NIFTY x5 @ $18009.00
2025-09-27 14:00:55,465 - trade_executor - INFO - TradeExecutor reset to initial state
2025-09-27 14:00:55,465 - trade_executor - INFO - Initialized TradeExecutor with capital: $100,000.00
2025-09-27 14:00:55,466 - trade_executor - INFO - Initialized TradeExecutor with capital: $100,000.00
2025-09-27 14:00:55,466 - trade_executor - INFO - TradeExecutor reset to initial state
2025-09-27 14:00:55,476 - trade_executor - INFO - Initialized TradeExecutor with capital: $100,000.00
2025-09-27 14:00:55,477 - trade_executor - INFO - TradeExecutor reset to initial state
2025-09-27 14:00:55,483 - trade_executor - INFO - TradeExecutor reset to initial state
2025-09-27 14:01:51,049 - trade_executor - INFO - Initialized TradeExecutor with capital: $100,000.00
2025-09-27 14:01:51,049 - trade_executor - INFO - Opened LONG position: NIFTY x5 @ $18009.00
2025-09-27 14:02:03,899 - trade_executor - INFO - Initialized TradeExecutor with capital: $100,000.00
2025-09-27 14:02:03,900 - trade_executor - INFO - TradeExecutor reset to initial state
2025-09-27 14:02:03,908 - trade_executor - INFO - TradeExecutor reset to initial state
2025-09-27 14:02:35,987 - trade_executor - INFO - Initialized TradeExecutor with capital: $100,000.00
2025-09-27 14:02:35,988 - trade_executor - INFO - Initialized TradeExecutor with capital: $100,000.00
2025-09-27 14:02:35,988 - trade_executor - INFO - Opened LONG position: NIFTY x5 @ $18009.00
2025-09-27 14:02:35,988 - trade_executor - INFO - Initialized TradeExecutor with capital: $100,000.00
2025-09-27 14:02:35,989 - trade_executor - INFO - Opened LONG position: NIFTY x5 @ $18009.00
2025-09-27 14:02:35,989 - trade_executor - INFO - Initialized TradeExecutor with capital: $100,000.00
2025-09-27 14:02:35,989 - trade_executor - INFO - Opened SHORT position: NIFTY x5 @ $17991.00
2025-09-27 14:02:35,989 - trade_executor - INFO - Initialized TradeExecutor with capital: $100,000.00
2025-09-27 14:02:35,989 - trade_executor - INFO - Opened LONG position: NIFTY x5 @ $18009.00
2025-09-27 14:02:35,990 - trade_executor - INFO - Closed LONG position: NIFTY @ $18090.95, P&L: $319.30
2025-09-27 14:02:35,990 - trade_executor - INFO - Initialized TradeExecutor with capital: $100,000.00
2025-09-27 14:02:35,990 - trade_executor - INFO - Opened LONG position: NIFTY x5 @ $18009.00
2025-09-27 14:02:35,990 - trade_executor - INFO - Initialized TradeExecutor with capital: $100,000.00
2025-09-27 14:02:35,991 - trade_executor - INFO - Initialized TradeExecutor with capital: $100,000.00
2025-09-27 14:02:35,991 - trade_executor - INFO - Opened LONG position: NIFTY x5 @ $18009.00
2025-09-27 14:02:35,991 - trade_executor - INFO - TradeExecutor reset to initial state
2025-09-27 14:02:35,997 - trade_executor - INFO - Initialized TradeExecutor with capital: $100,000.00
2025-09-27 14:02:35,997 - trade_executor - INFO - Initialized TradeExecutor with capital: $100,000.00
2025-09-27 14:02:35,997 - trade_executor - INFO - Opened LONG position: NIFTY x5 @ $18009.00
2025-09-27 14:02:35,997 - trade_executor - INFO - Initialized TradeExecutor with capital: $100,000.00
2025-09-27 14:02:35,998 - trade_executor - INFO - Opened LONG position: NIFTY x5 @ $18009.00
2025-09-27 14:02:35,998 - trade_executor - INFO - Initialized TradeExecutor with capital: $100,000.00
2025-09-27 14:02:35,998 - trade_executor - INFO - Initialized TradeExecutor with capital: $100,000.00
2025-09-27 14:02:35,999 - trade_executor - INFO - Opened LONG position: NIFTY x5 @ $18009.00
2025-09-27 14:02:35,999 - trade_executor - INFO - TradeExecutor reset to initial state
2025-09-27 14:02:35,999 - trade_executor - INFO - Initialized TradeExecutor with capital: $100,000.00
2025-09-27 14:02:35,999 - trade_executor - INFO - Initialized TradeExecutor with capital: $100,000.00
2025-09-27 14:02:36,000 - trade_executor - INFO - TradeExecutor reset to initial state
2025-09-27 14:02:36,010 - trade_executor - INFO - Initialized TradeExecutor with capital: $100,000.00
2025-09-27 14:02:36,011 - trade_executor - INFO - TradeExecutor reset to initial state
2025-09-27 14:02:36,018 - trade_executor - INFO - TradeExecutor reset to initial state
2025-09-27 14:02:51,519 - trade_executor - INFO - Initialized TradeExecutor with capital: $100,000.00
2025-09-27 14:02:51,519 - trade_executor - INFO - Opened LONG position: NIFTY x5 @ $18009.00
2025-09-27 14:02:51,519 - trade_executor - WARNING - Insufficient cash for BANKNIFTY: $9864.96 < $45067.52
2025-09-27 14:02:51,519 - trade_executor - INFO - Closed LONG position: NIFTY @ $18190.90, P&L: $818.55
2025-09-27 14:02:51,519 - trade_executor - WARNING - No position found for BANKNIFTY
2025-09-27 14:04:04,141 - trade_executor - INFO - Initialized TradeExecutor with capital: $100,000.00
2025-09-27 14:04:04,141 - trade_executor - INFO - Opened LONG position: NIFTY x5 @ $18009.00
2025-09-27 14:04:04,141 - trade_executor - WARNING - Insufficient cash for BANKNIFTY: $9864.96 < $45067.52
2025-09-27 14:04:04,141 - trade_executor - INFO - Closed LONG position: NIFTY @ $18190.90, P&L: $818.55
2025-09-27 14:04:04,141 - trade_executor - WARNING - No position found for BANKNIFTY
2025-09-27 14:04:42,774 - trade_executor - INFO - Initialized TradeExecutor with capital: $100,000.00
2025-09-27 14:04:42,775 - trade_executor - INFO - Opened LONG position: NIFTY x5 @ $18009.00
2025-09-27 14:04:42,775 - trade_executor - WARNING - Insufficient cash for BANKNIFTY: $9864.96 < $45067.52
2025-09-27 14:04:42,775 - trade_executor - INFO - Closed LONG position: NIFTY @ $18190.90, P&L: $818.55
2025-09-27 14:04:42,775 - trade_executor - WARNING - No position found for BANKNIFTY
2025-09-27 14:04:42,778 - trade_executor - INFO - Initialized TradeExecutor with capital: $100,000.00
2025-09-27 14:04:42,779 - trade_executor - INFO - Opened LONG position: NIFTY x5 @ $18009.00
2025-09-27 14:04:42,779 - trade_executor - WARNING - Insufficient cash for BANKNIFTY: $9864.96 < $45067.52
2025-09-27 14:04:42,779 - trade_executor - INFO - Opened LONG position: RELIANCE x3 @ $2501.25
2025-09-27 14:04:42,779 - trade_executor - INFO - Closed LONG position: NIFTY @ $17091.45, P&L: $-4673.21
2025-09-27 14:04:42,779 - trade_executor - INFO - Closed LONG position: RELIANCE @ $2373.81, P&L: $-389.43
2025-09-27 14:05:21,037 - trade_executor - INFO - Initialized TradeExecutor with capital: $100,000.00
2025-09-27 14:05:21,037 - trade_executor - INFO - Opened LONG position: NIFTY x5 @ $18009.00
2025-09-27 14:05:21,037 - trade_executor - WARNING - Insufficient cash for BANKNIFTY: $9864.96 < $45067.52
2025-09-27 14:05:21,037 - trade_executor - INFO - Closed LONG position: NIFTY @ $18190.90, P&L: $818.55
2025-09-27 14:05:21,038 - trade_executor - WARNING - No position found for BANKNIFTY
2025-09-27 14:05:21,041 - trade_executor - INFO - Initialized TradeExecutor with capital: $100,000.00
2025-09-27 14:05:21,041 - trade_executor - INFO - Opened LONG position: NIFTY x5 @ $18009.00
2025-09-27 14:05:21,041 - trade_executor - WARNING - Insufficient cash for BANKNIFTY: $9864.96 < $45067.52
2025-09-27 14:05:21,041 - trade_executor - INFO - Opened LONG position: RELIANCE x3 @ $2501.25
2025-09-27 14:05:21,042 - trade_executor - INFO - Closed LONG position: NIFTY @ $17091.45, P&L: $-4673.21
2025-09-27 14:05:21,042 - trade_executor - INFO - Closed LONG position: RELIANCE @ $2373.81, P&L: $-389.43
2025-09-27 14:05:21,043 - trade_executor - INFO - Initialized TradeExecutor with capital: $100,000.00
2025-09-27 14:05:21,043 - trade_executor - INFO - TradeExecutor reset to initial state
2025-09-27 14:05:21,069 - trade_executor - INFO - Opened SHORT position: NIFTY x4 @ $20314.53
2025-09-27 14:05:21,069 - trade_executor - INFO - Closed SHORT position: NIFTY @ $20581.11, P&L: $-1148.66
2025-09-27 14:05:21,070 - trade_executor - INFO - Opened SHORT position: NIFTY x12 @ $20390.67
2025-09-27 14:05:21,071 - trade_executor - INFO - Closed SHORT position: NIFTY @ $20379.77, P&L: $-113.77
2025-09-27 14:05:21,071 - trade_executor - INFO - Opened SHORT position: NIFTY x36 @ $20489.02
2025-09-27 14:05:21,073 - trade_executor - INFO - Closed SHORT position: NIFTY @ $18897.55, P&L: $56612.42
2025-09-27 14:05:21,078 - trade_executor - INFO - Initialized TradeExecutor with capital: $100,000.00
2025-09-27 14:05:21,078 - trade_executor - INFO - TradeExecutor reset to initial state
2025-09-27 14:05:21,095 - trade_executor - INFO - Opened SHORT position: NIFTY x5 @ $19611.24
2025-09-27 14:05:21,095 - trade_executor - INFO - Closed SHORT position: NIFTY @ $19654.40, P&L: $-314.07
2025-09-27 14:05:21,096 - trade_executor - INFO - Opened SHORT position: NIFTY x15 @ $19671.85
2025-09-27 14:05:21,096 - trade_executor - INFO - Closed SHORT position: NIFTY @ $19841.20, P&L: $-2837.77
2025-09-27 14:05:21,096 - trade_executor - INFO - Opened SHORT position: NIFTY x45 @ $19622.60
2025-09-27 14:05:21,097 - trade_executor - INFO - Closed SHORT position: NIFTY @ $19319.80, P&L: $12756.47
2025-09-27 14:05:21,100 - trade_executor - INFO - TradeExecutor reset to initial state
2025-09-27 14:05:21,118 - trade_executor - INFO - Opened SHORT position: NIFTY x5 @ $19510.45
2025-09-27 14:05:21,118 - trade_executor - INFO - Closed SHORT position: NIFTY @ $19695.60, P&L: $-1024.19
2025-09-27 14:05:21,118 - trade_executor - INFO - Opened SHORT position: NIFTY x14 @ $19671.85
2025-09-27 14:05:21,118 - trade_executor - INFO - Closed SHORT position: NIFTY @ $19841.20, P&L: $-2648.59
2025-09-27 14:05:21,119 - trade_executor - INFO - Opened SHORT position: NIFTY x43 @ $19521.58
2025-09-27 14:05:21,120 - trade_executor - INFO - Closed SHORT position: NIFTY @ $19361.60, P&L: $6046.34
2025-09-27 14:05:21,123 - trade_executor - INFO - TradeExecutor reset to initial state
2025-09-27 14:05:21,139 - trade_executor - INFO - Opened SHORT position: NIFTY x5 @ $19510.45
2025-09-27 14:05:21,140 - trade_executor - INFO - Closed SHORT position: NIFTY @ $19761.35, P&L: $-1353.29
2025-09-27 14:05:21,140 - trade_executor - INFO - Opened SHORT position: NIFTY x15 @ $19569.18
2025-09-27 14:05:21,141 - trade_executor - INFO - Closed SHORT position: NIFTY @ $19377.61, P&L: $2582.93
2025-09-27 14:05:21,151 - trade_executor - INFO - Initialized TradeExecutor with capital: $100,000.00
2025-09-27 14:05:21,151 - trade_executor - INFO - TradeExecutor reset to initial state
2025-09-27 14:05:21,197 - trade_executor - INFO - Opened SHORT position: NIFTY x5 @ $17968.19
2025-09-27 14:05:21,197 - trade_executor - INFO - Closed SHORT position: NIFTY @ $17885.67, P&L: $323.15
2025-09-27 14:05:21,198 - trade_executor - INFO - Opened SHORT position: NIFTY x15 @ $17847.27
2025-09-27 14:05:21,198 - trade_executor - INFO - Closed SHORT position: NIFTY @ $17901.11, P&L: $-1076.12
2025-09-27 14:05:21,198 - trade_executor - INFO - Opened SHORT position: NIFTY x45 @ $17838.70
2025-09-27 14:05:21,199 - trade_executor - INFO - Closed SHORT position: NIFTY @ $17889.60, P&L: $-3095.39
2025-09-27 14:05:21,199 - trade_executor - INFO - Opened SHORT position: NIFTY x135 @ $17862.52
2025-09-27 14:05:21,200 - trade_executor - INFO - Closed SHORT position: NIFTY @ $17760.37, P&L: $11393.57
2025-09-27 14:05:21,200 - trade_executor - INFO - Opened LONG position: NIFTY x407 @ $17733.48
2025-09-27 14:05:21,200 - trade_executor - INFO - Closed LONG position: NIFTY @ $17697.72, P&L: $-21759.67
2025-09-27 14:05:21,201 - trade_executor - WARNING - Insufficient cash for NIFTY: $7207354.92 < $7210894.25
2025-09-27 14:05:21,201 - trade_executor - INFO - Opened SHORT position: NIFTY x405 @ $17747.21
2025-09-27 14:05:21,202 - trade_executor - INFO - Closed SHORT position: NIFTY @ $17632.12, P&L: $39471.59
2025-09-27 14:05:21,202 - trade_executor - INFO - Opened SHORT position: NIFTY x1225 @ $17576.21
2025-09-27 14:05:21,203 - trade_executor - INFO - Closed SHORT position: NIFTY @ $17652.11, P&L: $-114596.46
2025-09-27 14:05:21,203 - trade_executor - WARNING - Insufficient cash for NIFTY: $64586834.36 < $64604101.20
2025-09-27 14:05:21,203 - trade_executor - INFO - Opened SHORT position: NIFTY x3659 @ $17624.98
2025-09-27 14:05:21,203 - trade_executor - INFO - Closed SHORT position: NIFTY @ $17687.74, P&L: $-294341.88
2025-09-27 14:05:21,203 - trade_executor - INFO - Opened SHORT position: NIFTY x10932 @ $17668.05
2025-09-27 14:05:21,204 - trade_executor - INFO - Closed SHORT position: NIFTY @ $17734.27, P&L: $-917737.32
2025-09-27 14:05:21,204 - trade_executor - INFO - Opened SHORT position: NIFTY x32661 @ $17711.47
2025-09-27 14:05:21,204 - trade_executor - INFO - Closed SHORT position: NIFTY @ $17771.68, P&L: $-2546777.53
2025-09-27 14:05:21,204 - trade_executor - INFO - Opened SHORT position: NIFTY x97707 @ $17731.78
2025-09-27 14:05:21,204 - trade_executor - INFO - Closed SHORT position: NIFTY @ $17765.00, P&L: $-4981695.39
2025-09-27 14:05:21,205 - trade_executor - INFO - Opened SHORT position: NIFTY x293220 @ $17696.28
2025-09-27 14:05:21,205 - trade_executor - INFO - Closed SHORT position: NIFTY @ $17744.53, P&L: $-19352444.36
2025-09-27 14:05:21,205 - trade_executor - INFO - Opened SHORT position: NIFTY x877490 @ $17710.49
2025-09-27 14:05:21,206 - trade_executor - INFO - Closed SHORT position: NIFTY @ $17654.81, P&L: $33366504.67
2025-09-27 14:05:21,206 - trade_executor - INFO - Opened SHORT position: NIFTY x2640869 @ $17624.80
2025-09-27 14:05:21,207 - trade_executor - INFO - Closed SHORT position: NIFTY @ $17640.04, P&L: $-86845043.10
2025-09-27 14:05:21,207 - trade_executor - INFO - Opened SHORT position: NIFTY x7924992 @ $17590.16
2025-09-27 14:05:21,208 - trade_executor - INFO - Closed SHORT position: NIFTY @ $17586.46, P&L: $-110083242.05
2025-09-27 14:05:21,208 - trade_executor - INFO - Opened SHORT position: NIFTY x23787501 @ $17551.63
2025-09-27 14:05:21,208 - trade_executor - INFO - Closed SHORT position: NIFTY @ $17546.31, P&L: $-290897635.74
2025-09-27 14:05:21,209 - trade_executor - INFO - Opened SHORT position: NIFTY x70840885 @ $17651.44
2025-09-27 14:05:21,210 - trade_executor - INFO - Closed SHORT position: NIFTY @ $17658.92, P&L: $-1781525199.76
2025-09-27 15:08:37,243 - trade_executor - INFO - Initialized TradeExecutor with capital: $100,000.00
2025-09-27 15:08:37,245 - trade_executor - INFO - Initialized TradeExecutor with capital: $100,000.00
2025-09-27 15:08:37,245 - trade_executor - INFO - Opened LONG position: NIFTY x5 @ $18009.00
2025-09-27 15:08:37,245 - trade_executor - INFO - Initialized TradeExecutor with capital: $100,000.00
2025-09-27 15:08:37,245 - trade_executor - INFO - Opened LONG position: NIFTY x5 @ $18009.00
2025-09-27 15:08:37,246 - trade_executor - INFO - Initialized TradeExecutor with capital: $100,000.00
2025-09-27 15:08:37,246 - trade_executor - INFO - Opened SHORT position: NIFTY x5 @ $17991.00
2025-09-27 15:08:37,246 - trade_executor - INFO - Initialized TradeExecutor with capital: $100,000.00
2025-09-27 15:08:37,246 - trade_executor - INFO - Opened LONG position: NIFTY x5 @ $18009.00
2025-09-27 15:08:37,246 - trade_executor - INFO - Closed LONG position: NIFTY @ $18090.95, P&L: $319.30
2025-09-27 15:08:37,247 - trade_executor - INFO - Initialized TradeExecutor with capital: $100,000.00
2025-09-27 15:08:37,247 - trade_executor - INFO - Opened LONG position: NIFTY x5 @ $18009.00
2025-09-27 15:08:37,247 - trade_executor - INFO - Initialized TradeExecutor with capital: $100,000.00
2025-09-27 15:08:37,248 - trade_executor - INFO - Initialized TradeExecutor with capital: $100,000.00
2025-09-27 15:08:37,248 - trade_executor - INFO - Opened LONG position: NIFTY x5 @ $18009.00
2025-09-27 15:08:37,248 - trade_executor - INFO - TradeExecutor reset to initial state
2025-09-27 15:08:37,253 - trade_executor - INFO - Initialized TradeExecutor with capital: $100,000.00
2025-09-27 15:08:37,254 - trade_executor - INFO - Initialized TradeExecutor with capital: $100,000.00
2025-09-27 15:08:37,254 - trade_executor - INFO - Opened LONG position: NIFTY x5 @ $18009.00
2025-09-27 15:08:37,254 - trade_executor - INFO - Initialized TradeExecutor with capital: $100,000.00
2025-09-27 15:08:37,255 - trade_executor - INFO - Opened LONG position: NIFTY x5 @ $18009.00
2025-09-27 15:08:37,255 - trade_executor - INFO - Initialized TradeExecutor with capital: $100,000.00
2025-09-27 15:08:37,255 - trade_executor - INFO - Initialized TradeExecutor with capital: $100,000.00
2025-09-27 15:08:37,256 - trade_executor - INFO - Opened LONG position: NIFTY x5 @ $18009.00
2025-09-27 15:08:37,256 - trade_executor - INFO - TradeExecutor reset to initial state
2025-09-27 15:08:37,256 - trade_executor - INFO - Initialized TradeExecutor with capital: $100,000.00
2025-09-27 15:08:37,256 - trade_executor - INFO - Initialized TradeExecutor with capital: $100,000.00
2025-09-27 15:08:37,257 - trade_executor - INFO - TradeExecutor reset to initial state
2025-09-27 15:08:37,267 - trade_executor - INFO - Initialized TradeExecutor with capital: $100,000.00
2025-09-27 15:08:37,268 - trade_executor - INFO - TradeExecutor reset to initial state
2025-09-27 15:08:37,274 - trade_executor - INFO - TradeExecutor reset to initial state
